INFO:AudioEngine:[Audio] Initializing Audio Interface
INFO:AudioEngine:[Audio] Successfully Initialized using CABLE Input (VB-Audio Virtual Cable)
INFO:comtypes.client._code_cache:Imported existing <module 'comtypes.gen' from 'C:\\Users\\Admin\\Documents\\GitHub\\TextToSpeech\\.venv\\lib\\site-packages\\comtypes\\gen\\__init__.py'>
INFO:comtypes.client._code_cache:Using writeable comtypes cache directory: 'C:\Users\Admin\Documents\GitHub\TextToSpeech\.venv\lib\site-packages\comtypes\gen'
INFO:AudioEngine:[Audio] Initializing Audio Interface
INFO:AudioEngine:[Audio] Successfully Initialized using CABLE Input (VB-Audio Virtual Cable)
INFO:comtypes.client._code_cache:Imported existing <module 'comtypes.gen' from 'C:\\Users\\Admin\\Documents\\GitHub\\TextToSpeech\\.venv\\lib\\site-packages\\comtypes\\gen\\__init__.py'>
INFO:comtypes.client._code_cache:Using writeable comtypes cache directory: 'C:\Users\Admin\Documents\GitHub\TextToSpeech\.venv\lib\site-packages\comtypes\gen'
INFO:AudioEngine:[Audio] Initializing Audio Interface
INFO:AudioEngine:[Audio] Successfully Initialized using CABLE Input (VB-Audio Virtual Cable)
INFO:comtypes.client._code_cache:Imported existing <module 'comtypes.gen' from 'C:\\Users\\Admin\\Documents\\GitHub\\TextToSpeech\\.venv\\lib\\site-packages\\comtypes\\gen\\__init__.py'>
INFO:comtypes.client._code_cache:Using writeable comtypes cache directory: 'C:\Users\Admin\Documents\GitHub\TextToSpeech\.venv\lib\site-packages\comtypes\gen'
INFO:AudioEngine:[Audio] Initializing Audio Interface
INFO:AudioEngine:[Audio] Successfully Initialized using CABLE Input (VB-Audio Virtual Cable)
INFO:comtypes.client._code_cache:Imported existing <module 'comtypes.gen' from 'c:\\Users\\Admin\\Documents\\GitHub\\TextToSpeech\\.venv\\lib\\site-packages\\comtypes\\gen\\__init__.py'>
INFO:comtypes.client._code_cache:Using writeable comtypes cache directory: 'c:\Users\Admin\Documents\GitHub\TextToSpeech\.venv\lib\site-packages\comtypes\gen'
WARNING:__main__:Invalid Command
WARNING:__main__:Invalid Command
INFO:AudioEngine:[Audio] Initializing Audio Interface
INFO:AudioEngine:[Audio] Successfully Initialized using CABLE Input (VB-Audio Virtual Cable)
INFO:comtypes.client._code_cache:Imported existing <module 'comtypes.gen' from 'c:\\Users\\Admin\\Documents\\GitHub\\TextToSpeech\\.venv\\lib\\site-packages\\comtypes\\gen\\__init__.py'>
INFO:comtypes.client._code_cache:Using writeable comtypes cache directory: 'c:\Users\Admin\Documents\GitHub\TextToSpeech\.venv\lib\site-packages\comtypes\gen'
WARNING:__main__:Invalid Command
WARNING:__main__:Invalid Command
WARNING:__main__:Invalid Command
INFO:AudioEngine:[Audio] Initializing Audio Interface
INFO:AudioEngine:[Audio] Successfully Initialized using CABLE Input (VB-Audio Virtual Cable)
INFO:comtypes.client._code_cache:Imported existing <module 'comtypes.gen' from 'C:\\Users\\Admin\\Documents\\GitHub\\TextToSpeech\\.venv\\lib\\site-packages\\comtypes\\gen\\__init__.py'>
INFO:comtypes.client._code_cache:Using writeable comtypes cache directory: 'C:\Users\Admin\Documents\GitHub\TextToSpeech\.venv\lib\site-packages\comtypes\gen'
INFO:AudioEngine:[Audio] Initializing Audio Interface
INFO:AudioEngine:[Audio] Successfully Initialized using CABLE Input (VB-Audio Virtual Cable)
INFO:comtypes.client._code_cache:Imported existing <module 'comtypes.gen' from 'C:\\Users\\Admin\\Documents\\GitHub\\TextToSpeech\\.venv\\lib\\site-packages\\comtypes\\gen\\__init__.py'>
INFO:comtypes.client._code_cache:Using writeable comtypes cache directory: 'C:\Users\Admin\Documents\GitHub\TextToSpeech\.venv\lib\site-packages\comtypes\gen'
